This is pdfTeX, Version 3.141592653-2.6-1.40.23 (TeX Live 2021/W32TeX) (preloaded format=pdflatex 2022.3.20)  29 APR 2022 15:13
entering extended mode
 restricted \write18 enabled.
 %&-line parsing enabled.
**Master_thesis.tex
(./Master_thesis.tex
LaTeX2e <2021-11-15> patch level 1
L3 programming layer <2022-02-24> (c:/Users/Admin/AppData/Roaming/TinyTeX/texmf
-dist/tex/latex/apa7/apa7.cls
Document Class: apa7 2022/01/03 v2.15 APA formatting (7th edition)
(c:/Users/Admin/AppData/Roaming/TinyTeX/texmf-dist/tex/latex/base/article.cls
Document Class: article 2021/10/04 v1.4n Standard LaTeX document class
(c:/Users/Admin/AppData/Roaming/TinyTeX/texmf-dist/tex/latex/base/size10.clo
File: size10.clo 2021/10/04 v1.4n Standard LaTeX file (size option)
)
\c@part=\count185
\c@section=\count186
\c@subsection=\count187
\c@subsubsection=\count188
\c@paragraph=\count189
\c@subparagraph=\count190
\c@figure=\count191
\c@table=\count192
\abovecaptionskip=\skip47
\belowcaptionskip=\skip48
\bibindent=\dimen138
)
(c:/Users/Admin/AppData/Roaming/TinyTeX/texmf-dist/tex/latex/etoolbox/etoolbox.
sty
Package: etoolbox 2020/10/05 v2.5k e-TeX tools for LaTeX (JAW)
\etb@tempcnta=\count193
)
Class apa7 Info: No bibliography package was specified; defaulting to (but not 
loading) Biblatex on input line 218.
(c:/Users/Admin/AppData/Roaming/TinyTeX/texmf-dist/tex/latex/lm/lmodern.sty
Package: lmodern 2015/05/01 v1.6.1 Latin Modern Fonts
LaTeX Font Info:    Overwriting symbol font `operators' in version `normal'
(Font)                  OT1/cmr/m/n --> OT1/lmr/m/n on input line 22.
LaTeX Font Info:    Overwriting symbol font `letters' in version `normal'
(Font)                  OML/cmm/m/it --> OML/lmm/m/it on input line 23.
LaTeX Font Info:    Overwriting symbol font `symbols' in version `normal'
(Font)                  OMS/cmsy/m/n --> OMS/lmsy/m/n on input line 24.
LaTeX Font Info:    Overwriting symbol font `largesymbols' in version `normal'
(Font)                  OMX/cmex/m/n --> OMX/lmex/m/n on input line 25.
LaTeX Font Info:    Overwriting symbol font `operators' in version `bold'
(Font)                  OT1/cmr/bx/n --> OT1/lmr/bx/n on input line 26.
LaTeX Font Info:    Overwriting symbol font `letters' in version `bold'
(Font)                  OML/cmm/b/it --> OML/lmm/b/it on input line 27.
LaTeX Font Info:    Overwriting symbol font `symbols' in version `bold'
(Font)                  OMS/cmsy/b/n --> OMS/lmsy/b/n on input line 28.
LaTeX Font Info:    Overwriting symbol font `largesymbols' in version `bold'
(Font)                  OMX/cmex/m/n --> OMX/lmex/m/n on input line 29.
LaTeX Font Info:    Overwriting math alphabet `\mathbf' in version `normal'
(Font)                  OT1/cmr/bx/n --> OT1/lmr/bx/n on input line 31.
LaTeX Font Info:    Overwriting math alphabet `\mathsf' in version `normal'
(Font)                  OT1/cmss/m/n --> OT1/lmss/m/n on input line 32.
LaTeX Font Info:    Overwriting math alphabet `\mathit' in version `normal'
(Font)                  OT1/cmr/m/it --> OT1/lmr/m/it on input line 33.
LaTeX Font Info:    Overwriting math alphabet `\mathtt' in version `normal'
(Font)                  OT1/cmtt/m/n --> OT1/lmtt/m/n on input line 34.
LaTeX Font Info:    Overwriting math alphabet `\mathbf' in version `bold'
(Font)                  OT1/cmr/bx/n --> OT1/lmr/bx/n on input line 35.
LaTeX Font Info:    Overwriting math alphabet `\mathsf' in version `bold'
(Font)                  OT1/cmss/bx/n --> OT1/lmss/bx/n on input line 36.
LaTeX Font Info:    Overwriting math alphabet `\mathit' in version `bold'
(Font)                  OT1/cmr/bx/it --> OT1/lmr/bx/it on input line 37.
LaTeX Font Info:    Overwriting math alphabet `\mathtt' in version `bold'
(Font)                  OT1/cmtt/m/n --> OT1/lmtt/m/n on input line 38.
) (c:/Users/Admin/AppData/Roaming/TinyTeX/texmf-dist/tex/latex/base/fontenc.sty
Package: fontenc 2021/04/29 v2.0v Standard LaTeX package
LaTeX Font Info:    Trying to load font information for T1+lmr on input line 11
2.
(c:/Users/Admin/AppData/Roaming/TinyTeX/texmf-dist/tex/latex/lm/t1lmr.fd
File: t1lmr.fd 2015/05/01 v1.6.1 Font defs for Latin Modern
)) (c:/Users/Admin/AppData/Roaming/TinyTeX/texmf-dist/tex/latex/psnfss/times.st
y
Package: times 2020/03/25 PSNFSS-v9.3 (SPQR) 
)
(c:/Users/Admin/AppData/Roaming/TinyTeX/texmf-dist/tex/latex/psnfss/mathptm.sty
Package: mathptm 2020/03/25 PSNFSS-v9.3 Times w/ Math (SPQR, WaS) 

Package mathptm Warning: This package is to be regarded as obsolete.
(mathptm)                See the PSNFSS documentation.

LaTeX Font Info:    Redeclaring symbol font `operators' on input line 31.
LaTeX Font Info:    Overwriting symbol font `operators' in version `normal'
(Font)                  OT1/lmr/m/n --> OT1/ptmcm/m/n on input line 31.
LaTeX Font Info:    Overwriting symbol font `operators' in version `bold'
(Font)                  OT1/lmr/bx/n --> OT1/ptmcm/m/n on input line 31.
LaTeX Font Info:    Redeclaring symbol font `letters' on input line 32.
LaTeX Font Info:    Overwriting symbol font `letters' in version `normal'
(Font)                  OML/lmm/m/it --> OML/ptmcm/m/it on input line 32.
LaTeX Font Info:    Overwriting symbol font `letters' in version `bold'
(Font)                  OML/lmm/b/it --> OML/ptmcm/m/it on input line 32.
LaTeX Font Info:    Redeclaring symbol font `symbols' on input line 33.
LaTeX Font Info:    Overwriting symbol font `symbols' in version `normal'
(Font)                  OMS/lmsy/m/n --> OMS/pzccm/m/n on input line 33.
LaTeX Font Info:    Overwriting symbol font `symbols' in version `bold'
(Font)                  OMS/lmsy/b/n --> OMS/pzccm/m/n on input line 33.
LaTeX Font Info:    Redeclaring symbol font `largesymbols' on input line 34.
LaTeX Font Info:    Overwriting symbol font `largesymbols' in version `normal'
(Font)                  OMX/lmex/m/n --> OMX/psycm/m/n on input line 34.
LaTeX Font Info:    Overwriting symbol font `largesymbols' in version `bold'
(Font)                  OMX/lmex/m/n --> OMX/psycm/m/n on input line 34.
\symbold=\mathgroup4
\symitalic=\mathgroup5
LaTeX Font Info:    Redeclaring math alphabet \mathbf on input line 37.
LaTeX Font Info:    Overwriting math alphabet `\mathbf' in version `normal'
(Font)                  OT1/lmr/bx/n --> OT1/ptm/bx/n on input line 37.
LaTeX Font Info:    Overwriting math alphabet `\mathbf' in version `bold'
(Font)                  OT1/lmr/bx/n --> OT1/ptm/bx/n on input line 37.
LaTeX Font Info:    Redeclaring math alphabet \mathit on input line 38.
LaTeX Font Info:    Overwriting math alphabet `\mathit' in version `normal'
(Font)                  OT1/lmr/m/it --> OT1/ptm/m/it on input line 38.
LaTeX Font Info:    Overwriting math alphabet `\mathit' in version `bold'
(Font)                  OT1/lmr/bx/it --> OT1/ptm/m/it on input line 38.
)
(c:/Users/Admin/AppData/Roaming/TinyTeX/texmf-dist/tex/latex/geometry/geometry.
sty
Package: geometry 2020/01/02 v5.9 Page Geometry

(c:/Users/Admin/AppData/Roaming/TinyTeX/texmf-dist/tex/latex/graphics/keyval.st
y
Package: keyval 2014/10/28 v1.15 key=value parser (DPC)
\KV@toks@=\toks16
)
(c:/Users/Admin/AppData/Roaming/TinyTeX/texmf-dist/tex/generic/iftex/ifvtex.sty
Package: ifvtex 2019/10/25 v1.7 ifvtex legacy package. Use iftex instead.
(c:/Users/Admin/AppData/Roaming/TinyTeX/texmf-dist/tex/generic/iftex/iftex.sty
Package: iftex 2022/02/03 v1.0f TeX engine tests
))
\Gm@cnth=\count194
\Gm@cntv=\count195
\c@Gm@tempcnt=\count196
\Gm@bindingoffset=\dimen139
\Gm@wd@mp=\dimen140
\Gm@odd@mp=\dimen141
\Gm@even@mp=\dimen142
\Gm@layoutwidth=\dimen143
\Gm@layoutheight=\dimen144
\Gm@layouthoffset=\dimen145
\Gm@layoutvoffset=\dimen146
\Gm@dimlist=\toks17
)
(c:/Users/Admin/AppData/Roaming/TinyTeX/texmf-dist/tex/latex/graphics/graphicx.
sty
Package: graphicx 2021/09/16 v1.2d Enhanced LaTeX Graphics (DPC,SPQR)

(c:/Users/Admin/AppData/Roaming/TinyTeX/texmf-dist/tex/latex/graphics/graphics.
sty
Package: graphics 2021/03/04 v1.4d Standard LaTeX Graphics (DPC,SPQR)
(c:/Users/Admin/AppData/Roaming/TinyTeX/texmf-dist/tex/latex/graphics/trig.sty
Package: trig 2021/08/11 v1.11 sin cos tan (DPC)
)
(c:/Users/Admin/AppData/Roaming/TinyTeX/texmf-dist/tex/latex/graphics-cfg/graph
ics.cfg
File: graphics.cfg 2016/06/04 v1.11 sample graphics configuration
)
Package graphics Info: Driver file: pdftex.def on input line 107.

(c:/Users/Admin/AppData/Roaming/TinyTeX/texmf-dist/tex/latex/graphics-def/pdfte
x.def
File: pdftex.def 2020/10/05 v1.2a Graphics/color driver for pdftex
))
\Gin@req@height=\dimen147
\Gin@req@width=\dimen148
)
(c:/Users/Admin/AppData/Roaming/TinyTeX/texmf-dist/tex/latex/scalerel/scalerel.
sty
Package: scalerel 2016/12/29 v1.8 Routines for constrained scaling and stretchi
ng of objects, relative to a reference object or in absolute terms
(c:/Users/Admin/AppData/Roaming/TinyTeX/texmf-dist/tex/latex/tools/calc.sty
Package: calc 2017/05/25 v4.3 Infix arithmetic (KKT,FJ)
\calc@Acount=\count197
\calc@Bcount=\count198
\calc@Adimen=\dimen149
\calc@Bdimen=\dimen150
\calc@Askip=\skip49
\calc@Bskip=\skip50
LaTeX Info: Redefining \setlength on input line 80.
LaTeX Info: Redefining \addtolength on input line 81.
\calc@Ccount=\count199
\calc@Cskip=\skip51
)
\thesrwidth=\skip52
\thesrheight=\skip53
\srblobheight=\skip54
\srblobdepth=\skip55
\mnxsrwidth=\skip56
\LMex=\skip57
\LMpt=\skip58
)
(c:/Users/Admin/AppData/Roaming/TinyTeX/texmf-dist/tex/latex/pgf/frontendlayer/
tikz.sty
(c:/Users/Admin/AppData/Roaming/TinyTeX/texmf-dist/tex/latex/pgf/basiclayer/pgf
.sty
(c:/Users/Admin/AppData/Roaming/TinyTeX/texmf-dist/tex/latex/pgf/utilities/pgfr
cs.sty
(c:/Users/Admin/AppData/Roaming/TinyTeX/texmf-dist/tex/generic/pgf/utilities/pg
futil-common.tex
\pgfutil@everybye=\toks18
\pgfutil@tempdima=\dimen151
\pgfutil@tempdimb=\dimen152

(c:/Users/Admin/AppData/Roaming/TinyTeX/texmf-dist/tex/generic/pgf/utilities/pg
futil-common-lists.tex))
(c:/Users/Admin/AppData/Roaming/TinyTeX/texmf-dist/tex/generic/pgf/utilities/pg
futil-latex.def
\pgfutil@abb=\box50
)
(c:/Users/Admin/AppData/Roaming/TinyTeX/texmf-dist/tex/generic/pgf/utilities/pg
frcs.code.tex
(c:/Users/Admin/AppData/Roaming/TinyTeX/texmf-dist/tex/generic/pgf/pgf.revision
.tex)
Package: pgfrcs 2021/05/15 v3.1.9a (3.1.9a)
))
Package: pgf 2021/05/15 v3.1.9a (3.1.9a)

(c:/Users/Admin/AppData/Roaming/TinyTeX/texmf-dist/tex/latex/pgf/basiclayer/pgf
core.sty
(c:/Users/Admin/AppData/Roaming/TinyTeX/texmf-dist/tex/latex/pgf/systemlayer/pg
fsys.sty
(c:/Users/Admin/AppData/Roaming/TinyTeX/texmf-dist/tex/generic/pgf/systemlayer/
pgfsys.code.tex
Package: pgfsys 2021/05/15 v3.1.9a (3.1.9a)

(c:/Users/Admin/AppData/Roaming/TinyTeX/texmf-dist/tex/generic/pgf/utilities/pg
fkeys.code.tex
\pgfkeys@pathtoks=\toks19
\pgfkeys@temptoks=\toks20

(c:/Users/Admin/AppData/Roaming/TinyTeX/texmf-dist/tex/generic/pgf/utilities/pg
fkeysfiltered.code.tex
\pgfkeys@tmptoks=\toks21
))
\pgf@x=\dimen153
\pgf@y=\dimen154
\pgf@xa=\dimen155
\pgf@ya=\dimen156
\pgf@xb=\dimen157
\pgf@yb=\dimen158
\pgf@xc=\dimen159
\pgf@yc=\dimen160
\pgf@xd=\dimen161
\pgf@yd=\dimen162
\w@pgf@writea=\write3
\r@pgf@reada=\read2
\c@pgf@counta=\count266
\c@pgf@countb=\count267
\c@pgf@countc=\count268
\c@pgf@countd=\count269
\t@pgf@toka=\toks22
\t@pgf@tokb=\toks23
\t@pgf@tokc=\toks24
\pgf@sys@id@count=\count270

(c:/Users/Admin/AppData/Roaming/TinyTeX/texmf-dist/tex/generic/pgf/systemlayer/
pgf.cfg
File: pgf.cfg 2021/05/15 v3.1.9a (3.1.9a)
)
Driver file for pgf: pgfsys-pdftex.def

(c:/Users/Admin/AppData/Roaming/TinyTeX/texmf-dist/tex/generic/pgf/systemlayer/
pgfsys-pdftex.def
File: pgfsys-pdftex.def 2021/05/15 v3.1.9a (3.1.9a)

(c:/Users/Admin/AppData/Roaming/TinyTeX/texmf-dist/tex/generic/pgf/systemlayer/
pgfsys-common-pdf.def
File: pgfsys-common-pdf.def 2021/05/15 v3.1.9a (3.1.9a)
)))
(c:/Users/Admin/AppData/Roaming/TinyTeX/texmf-dist/tex/generic/pgf/systemlayer/
pgfsyssoftpath.code.tex
File: pgfsyssoftpath.code.tex 2021/05/15 v3.1.9a (3.1.9a)
\pgfsyssoftpath@smallbuffer@items=\count271
\pgfsyssoftpath@bigbuffer@items=\count272
)
(c:/Users/Admin/AppData/Roaming/TinyTeX/texmf-dist/tex/generic/pgf/systemlayer/
pgfsysprotocol.code.tex
File: pgfsysprotocol.code.tex 2021/05/15 v3.1.9a (3.1.9a)
)) (c:/Users/Admin/AppData/Roaming/TinyTeX/texmf-dist/tex/latex/xcolor/xcolor.s
ty
Package: xcolor 2021/10/31 v2.13 LaTeX color extensions (UK)

(c:/Users/Admin/AppData/Roaming/TinyTeX/texmf-dist/tex/latex/graphics-cfg/color
.cfg
File: color.cfg 2016/01/02 v1.6 sample color configuration
)
Package xcolor Info: Driver file: pdftex.def on input line 227.
Package xcolor Info: Model `cmy' substituted by `cmy0' on input line 1352.
Package xcolor Info: Model `hsb' substituted by `rgb' on input line 1356.
Package xcolor Info: Model `RGB' extended on input line 1368.
Package xcolor Info: Model `HTML' substituted by `rgb' on input line 1370.
Package xcolor Info: Model `Hsb' substituted by `hsb' on input line 1371.
Package xcolor Info: Model `tHsb' substituted by `hsb' on input line 1372.
Package xcolor Info: Model `HSB' substituted by `hsb' on input line 1373.
Package xcolor Info: Model `Gray' substituted by `gray' on input line 1374.
Package xcolor Info: Model `wave' substituted by `hsb' on input line 1375.
)
(c:/Users/Admin/AppData/Roaming/TinyTeX/texmf-dist/tex/generic/pgf/basiclayer/p
gfcore.code.tex
Package: pgfcore 2021/05/15 v3.1.9a (3.1.9a)

(c:/Users/Admin/AppData/Roaming/TinyTeX/texmf-dist/tex/generic/pgf/math/pgfmath
.code.tex
(c:/Users/Admin/AppData/Roaming/TinyTeX/texmf-dist/tex/generic/pgf/math/pgfmath
calc.code.tex
(c:/Users/Admin/AppData/Roaming/TinyTeX/texmf-dist/tex/generic/pgf/math/pgfmath
util.code.tex)
(c:/Users/Admin/AppData/Roaming/TinyTeX/texmf-dist/tex/generic/pgf/math/pgfmath
parser.code.tex
\pgfmath@dimen=\dimen163
\pgfmath@count=\count273
\pgfmath@box=\box51
\pgfmath@toks=\toks25
\pgfmath@stack@operand=\toks26
\pgfmath@stack@operation=\toks27
)
(c:/Users/Admin/AppData/Roaming/TinyTeX/texmf-dist/tex/generic/pgf/math/pgfmath
functions.code.tex
(c:/Users/Admin/AppData/Roaming/TinyTeX/texmf-dist/tex/generic/pgf/math/pgfmath
functions.basic.code.tex)
(c:/Users/Admin/AppData/Roaming/TinyTeX/texmf-dist/tex/generic/pgf/math/pgfmath
functions.trigonometric.code.tex)
(c:/Users/Admin/AppData/Roaming/TinyTeX/texmf-dist/tex/generic/pgf/math/pgfmath
functions.random.code.tex)
(c:/Users/Admin/AppData/Roaming/TinyTeX/texmf-dist/tex/generic/pgf/math/pgfmath
functions.comparison.code.tex)
(c:/Users/Admin/AppData/Roaming/TinyTeX/texmf-dist/tex/generic/pgf/math/pgfmath
functions.base.code.tex)
(c:/Users/Admin/AppData/Roaming/TinyTeX/texmf-dist/tex/generic/pgf/math/pgfmath
functions.round.code.tex)
(c:/Users/Admin/AppData/Roaming/TinyTeX/texmf-dist/tex/generic/pgf/math/pgfmath
functions.misc.code.tex)
(c:/Users/Admin/AppData/Roaming/TinyTeX/texmf-dist/tex/generic/pgf/math/pgfmath
functions.integerarithmetics.code.tex)))
(c:/Users/Admin/AppData/Roaming/TinyTeX/texmf-dist/tex/generic/pgf/math/pgfmath
float.code.tex
\c@pgfmathroundto@lastzeros=\count274
))
(c:/Users/Admin/AppData/Roaming/TinyTeX/texmf-dist/tex/generic/pgf/math/pgfint.
code.tex)
(c:/Users/Admin/AppData/Roaming/TinyTeX/texmf-dist/tex/generic/pgf/basiclayer/p
gfcorepoints.code.tex
File: pgfcorepoints.code.tex 2021/05/15 v3.1.9a (3.1.9a)
\pgf@picminx=\dimen164
\pgf@picmaxx=\dimen165
\pgf@picminy=\dimen166
\pgf@picmaxy=\dimen167
\pgf@pathminx=\dimen168
\pgf@pathmaxx=\dimen169
\pgf@pathminy=\dimen170
\pgf@pathmaxy=\dimen171
\pgf@xx=\dimen172
\pgf@xy=\dimen173
\pgf@yx=\dimen174
\pgf@yy=\dimen175
\pgf@zx=\dimen176
\pgf@zy=\dimen177
)
(c:/Users/Admin/AppData/Roaming/TinyTeX/texmf-dist/tex/generic/pgf/basiclayer/p
gfcorepathconstruct.code.tex
File: pgfcorepathconstruct.code.tex 2021/05/15 v3.1.9a (3.1.9a)
\pgf@path@lastx=\dimen178
\pgf@path@lasty=\dimen179
)
(c:/Users/Admin/AppData/Roaming/TinyTeX/texmf-dist/tex/generic/pgf/basiclayer/p
gfcorepathusage.code.tex
File: pgfcorepathusage.code.tex 2021/05/15 v3.1.9a (3.1.9a)
\pgf@shorten@end@additional=\dimen180
\pgf@shorten@start@additional=\dimen181
)
(c:/Users/Admin/AppData/Roaming/TinyTeX/texmf-dist/tex/generic/pgf/basiclayer/p
gfcorescopes.code.tex
File: pgfcorescopes.code.tex 2021/05/15 v3.1.9a (3.1.9a)
\pgfpic=\box52
\pgf@hbox=\box53
\pgf@layerbox@main=\box54
\pgf@picture@serial@count=\count275
)
(c:/Users/Admin/AppData/Roaming/TinyTeX/texmf-dist/tex/generic/pgf/basiclayer/p
gfcoregraphicstate.code.tex
File: pgfcoregraphicstate.code.tex 2021/05/15 v3.1.9a (3.1.9a)
\pgflinewidth=\dimen182
)
(c:/Users/Admin/AppData/Roaming/TinyTeX/texmf-dist/tex/generic/pgf/basiclayer/p
gfcoretransformations.code.tex
File: pgfcoretransformations.code.tex 2021/05/15 v3.1.9a (3.1.9a)
\pgf@pt@x=\dimen183
\pgf@pt@y=\dimen184
\pgf@pt@temp=\dimen185
)
(c:/Users/Admin/AppData/Roaming/TinyTeX/texmf-dist/tex/generic/pgf/basiclayer/p
gfcorequick.code.tex
File: pgfcorequick.code.tex 2021/05/15 v3.1.9a (3.1.9a)
)
(c:/Users/Admin/AppData/Roaming/TinyTeX/texmf-dist/tex/generic/pgf/basiclayer/p
gfcoreobjects.code.tex
File: pgfcoreobjects.code.tex 2021/05/15 v3.1.9a (3.1.9a)
)
(c:/Users/Admin/AppData/Roaming/TinyTeX/texmf-dist/tex/generic/pgf/basiclayer/p
gfcorepathprocessing.code.tex
File: pgfcorepathprocessing.code.tex 2021/05/15 v3.1.9a (3.1.9a)
)
(c:/Users/Admin/AppData/Roaming/TinyTeX/texmf-dist/tex/generic/pgf/basiclayer/p
gfcorearrows.code.tex
File: pgfcorearrows.code.tex 2021/05/15 v3.1.9a (3.1.9a)
\pgfarrowsep=\dimen186
)
(c:/Users/Admin/AppData/Roaming/TinyTeX/texmf-dist/tex/generic/pgf/basiclayer/p
gfcoreshade.code.tex
File: pgfcoreshade.code.tex 2021/05/15 v3.1.9a (3.1.9a)
\pgf@max=\dimen187
\pgf@sys@shading@range@num=\count276
\pgf@shadingcount=\count277
)
(c:/Users/Admin/AppData/Roaming/TinyTeX/texmf-dist/tex/generic/pgf/basiclayer/p
gfcoreimage.code.tex
File: pgfcoreimage.code.tex 2021/05/15 v3.1.9a (3.1.9a)

(c:/Users/Admin/AppData/Roaming/TinyTeX/texmf-dist/tex/generic/pgf/basiclayer/p
gfcoreexternal.code.tex
File: pgfcoreexternal.code.tex 2021/05/15 v3.1.9a (3.1.9a)
\pgfexternal@startupbox=\box55
))
(c:/Users/Admin/AppData/Roaming/TinyTeX/texmf-dist/tex/generic/pgf/basiclayer/p
gfcorelayers.code.tex
File: pgfcorelayers.code.tex 2021/05/15 v3.1.9a (3.1.9a)
)
(c:/Users/Admin/AppData/Roaming/TinyTeX/texmf-dist/tex/generic/pgf/basiclayer/p
gfcoretransparency.code.tex
File: pgfcoretransparency.code.tex 2021/05/15 v3.1.9a (3.1.9a)
)
(c:/Users/Admin/AppData/Roaming/TinyTeX/texmf-dist/tex/generic/pgf/basiclayer/p
gfcorepatterns.code.tex
File: pgfcorepatterns.code.tex 2021/05/15 v3.1.9a (3.1.9a)
)
(c:/Users/Admin/AppData/Roaming/TinyTeX/texmf-dist/tex/generic/pgf/basiclayer/p
gfcorerdf.code.tex
File: pgfcorerdf.code.tex 2021/05/15 v3.1.9a (3.1.9a)
)))
(c:/Users/Admin/AppData/Roaming/TinyTeX/texmf-dist/tex/generic/pgf/modules/pgfm
oduleshapes.code.tex
File: pgfmoduleshapes.code.tex 2021/05/15 v3.1.9a (3.1.9a)
\pgfnodeparttextbox=\box56
)
(c:/Users/Admin/AppData/Roaming/TinyTeX/texmf-dist/tex/generic/pgf/modules/pgfm
oduleplot.code.tex
File: pgfmoduleplot.code.tex 2021/05/15 v3.1.9a (3.1.9a)
)
(c:/Users/Admin/AppData/Roaming/TinyTeX/texmf-dist/tex/latex/pgf/compatibility/
pgfcomp-version-0-65.sty
Package: pgfcomp-version-0-65 2021/05/15 v3.1.9a (3.1.9a)
\pgf@nodesepstart=\dimen188
\pgf@nodesepend=\dimen189
)
(c:/Users/Admin/AppData/Roaming/TinyTeX/texmf-dist/tex/latex/pgf/compatibility/
pgfcomp-version-1-18.sty
Package: pgfcomp-version-1-18 2021/05/15 v3.1.9a (3.1.9a)
))
(c:/Users/Admin/AppData/Roaming/TinyTeX/texmf-dist/tex/latex/pgf/utilities/pgff
or.sty
(c:/Users/Admin/AppData/Roaming/TinyTeX/texmf-dist/tex/latex/pgf/utilities/pgfk
eys.sty
(c:/Users/Admin/AppData/Roaming/TinyTeX/texmf-dist/tex/generic/pgf/utilities/pg
fkeys.code.tex))
(c:/Users/Admin/AppData/Roaming/TinyTeX/texmf-dist/tex/latex/pgf/math/pgfmath.s
ty
(c:/Users/Admin/AppData/Roaming/TinyTeX/texmf-dist/tex/generic/pgf/math/pgfmath
.code.tex))
(c:/Users/Admin/AppData/Roaming/TinyTeX/texmf-dist/tex/generic/pgf/utilities/pg
ffor.code.tex
Package: pgffor 2021/05/15 v3.1.9a (3.1.9a)

(c:/Users/Admin/AppData/Roaming/TinyTeX/texmf-dist/tex/generic/pgf/math/pgfmath
.code.tex)
\pgffor@iter=\dimen190
\pgffor@skip=\dimen191
\pgffor@stack=\toks28
\pgffor@toks=\toks29
))
(c:/Users/Admin/AppData/Roaming/TinyTeX/texmf-dist/tex/generic/pgf/frontendlaye
r/tikz/tikz.code.tex
Package: tikz 2021/05/15 v3.1.9a (3.1.9a)

(c:/Users/Admin/AppData/Roaming/TinyTeX/texmf-dist/tex/generic/pgf/libraries/pg
flibraryplothandlers.code.tex
File: pgflibraryplothandlers.code.tex 2021/05/15 v3.1.9a (3.1.9a)
\pgf@plot@mark@count=\count278
\pgfplotmarksize=\dimen192
)
\tikz@lastx=\dimen193
\tikz@lasty=\dimen194
\tikz@lastxsaved=\dimen195
\tikz@lastysaved=\dimen196
\tikz@lastmovetox=\dimen197
\tikz@lastmovetoy=\dimen198
\tikzleveldistance=\dimen199
\tikzsiblingdistance=\dimen256
\tikz@figbox=\box57
\tikz@figbox@bg=\box58
\tikz@tempbox=\box59
\tikz@tempbox@bg=\box60
\tikztreelevel=\count279
\tikznumberofchildren=\count280
\tikznumberofcurrentchild=\count281
\tikz@fig@count=\count282

(c:/Users/Admin/AppData/Roaming/TinyTeX/texmf-dist/tex/generic/pgf/modules/pgfm
odulematrix.code.tex
File: pgfmodulematrix.code.tex 2021/05/15 v3.1.9a (3.1.9a)
\pgfmatrixcurrentrow=\count283
\pgfmatrixcurrentcolumn=\count284
\pgf@matrix@numberofcolumns=\count285
)
\tikz@expandcount=\count286

(c:/Users/Admin/AppData/Roaming/TinyTeX/texmf-dist/tex/generic/pgf/frontendlaye
r/tikz/libraries/tikzlibrarytopaths.code.tex
File: tikzlibrarytopaths.code.tex 2021/05/15 v3.1.9a (3.1.9a)
)))
(c:/Users/Admin/AppData/Roaming/TinyTeX/texmf-dist/tex/latex/hyperref/hyperref.
sty
Package: hyperref 2022-02-21 v7.00n Hypertext links for LaTeX

(c:/Users/Admin/AppData/Roaming/TinyTeX/texmf-dist/tex/generic/ltxcmds/ltxcmds.
sty
Package: ltxcmds 2020-05-10 v1.25 LaTeX kernel commands for general use (HO)
)
(c:/Users/Admin/AppData/Roaming/TinyTeX/texmf-dist/tex/generic/pdftexcmds/pdfte
xcmds.sty
Package: pdftexcmds 2020-06-27 v0.33 Utility functions of pdfTeX for LuaTeX (HO
)

(c:/Users/Admin/AppData/Roaming/TinyTeX/texmf-dist/tex/generic/infwarerr/infwar
err.sty
Package: infwarerr 2019/12/03 v1.5 Providing info/warning/error messages (HO)
)
Package pdftexcmds Info: \pdf@primitive is available.
Package pdftexcmds Info: \pdf@ifprimitive is available.
Package pdftexcmds Info: \pdfdraftmode found.
)
(c:/Users/Admin/AppData/Roaming/TinyTeX/texmf-dist/tex/generic/kvsetkeys/kvsetk
eys.sty
Package: kvsetkeys 2019/12/15 v1.18 Key value parser (HO)
)
(c:/Users/Admin/AppData/Roaming/TinyTeX/texmf-dist/tex/generic/kvdefinekeys/kvd
efinekeys.sty
Package: kvdefinekeys 2019-12-19 v1.6 Define keys (HO)
)
(c:/Users/Admin/AppData/Roaming/TinyTeX/texmf-dist/tex/generic/pdfescape/pdfesc
ape.sty
Package: pdfescape 2019/12/09 v1.15 Implements pdfTeX's escape features (HO)
)
(c:/Users/Admin/AppData/Roaming/TinyTeX/texmf-dist/tex/latex/hycolor/hycolor.st
y
Package: hycolor 2020-01-27 v1.10 Color options for hyperref/bookmark (HO)
)
(c:/Users/Admin/AppData/Roaming/TinyTeX/texmf-dist/tex/latex/letltxmacro/letltx
macro.sty
Package: letltxmacro 2019/12/03 v1.6 Let assignment for LaTeX macros (HO)
)
(c:/Users/Admin/AppData/Roaming/TinyTeX/texmf-dist/tex/latex/auxhook/auxhook.st
y
Package: auxhook 2019-12-17 v1.6 Hooks for auxiliary files (HO)
)
(c:/Users/Admin/AppData/Roaming/TinyTeX/texmf-dist/tex/latex/kvoptions/kvoption
s.sty
Package: kvoptions 2020-10-07 v3.14 Key value format for package options (HO)
)
\@linkdim=\dimen257
\Hy@linkcounter=\count287
\Hy@pagecounter=\count288

(c:/Users/Admin/AppData/Roaming/TinyTeX/texmf-dist/tex/latex/hyperref/pd1enc.de
f
File: pd1enc.def 2022-02-21 v7.00n Hyperref: PDFDocEncoding definition (HO)
Now handling font encoding PD1 ...
... no UTF-8 mapping file for font encoding PD1
)
(c:/Users/Admin/AppData/Roaming/TinyTeX/texmf-dist/tex/generic/intcalc/intcalc.
sty
Package: intcalc 2019/12/15 v1.3 Expandable calculations with integers (HO)
)
(c:/Users/Admin/AppData/Roaming/TinyTeX/texmf-dist/tex/generic/etexcmds/etexcmd
s.sty
Package: etexcmds 2019/12/15 v1.7 Avoid name clashes with e-TeX commands (HO)
)
\Hy@SavedSpaceFactor=\count289

(c:/Users/Admin/AppData/Roaming/TinyTeX/texmf-dist/tex/latex/hyperref/puenc.def
File: puenc.def 2022-02-21 v7.00n Hyperref: PDF Unicode definition (HO)
Now handling font encoding PU ...
... no UTF-8 mapping file for font encoding PU
)
Package hyperref Info: Option `unicode' set `true' on input line 4018.
Package hyperref Info: Hyper figures OFF on input line 4137.
Package hyperref Info: Link nesting OFF on input line 4142.
Package hyperref Info: Hyper index ON on input line 4145.
Package hyperref Info: Plain pages OFF on input line 4152.
Package hyperref Info: Backreferencing OFF on input line 4157.
Package hyperref Info: Implicit mode ON; LaTeX internals redefined.
Package hyperref Info: Bookmarks ON on input line 4390.
\c@Hy@tempcnt=\count290
(c:/Users/Admin/AppData/Roaming/TinyTeX/texmf-dist/tex/latex/url/url.sty
\Urlmuskip=\muskip16
Package: url 2013/09/16  ver 3.4  Verb mode for urls, etc.
)
LaTeX Info: Redefining \url on input line 4749.
\XeTeXLinkMargin=\dimen258

(c:/Users/Admin/AppData/Roaming/TinyTeX/texmf-dist/tex/generic/bitset/bitset.st
y
Package: bitset 2019/12/09 v1.3 Handle bit-vector datatype (HO)

(c:/Users/Admin/AppData/Roaming/TinyTeX/texmf-dist/tex/generic/bigintcalc/bigin
tcalc.sty
Package: bigintcalc 2019/12/15 v1.5 Expandable calculations on big integers (HO
)
))
\Fld@menulength=\count291
\Field@Width=\dimen259
\Fld@charsize=\dimen260
Package hyperref Info: Hyper figures OFF on input line 6027.
Package hyperref Info: Link nesting OFF on input line 6032.
Package hyperref Info: Hyper index ON on input line 6035.
Package hyperref Info: backreferencing OFF on input line 6042.
Package hyperref Info: Link coloring OFF on input line 6047.
Package hyperref Info: Link coloring with OCG OFF on input line 6052.
Package hyperref Info: PDF/A mode OFF on input line 6057.
LaTeX Info: Redefining \ref on input line 6097.
LaTeX Info: Redefining \pageref on input line 6101.

(c:/Users/Admin/AppData/Roaming/TinyTeX/texmf-dist/tex/latex/base/atbegshi-ltx.
sty
Package: atbegshi-ltx 2021/01/10 v1.0c Emulation of the original atbegshi
package with kernel methods
)
\Hy@abspage=\count292
\c@Item=\count293
\c@Hfootnote=\count294
)
Package hyperref Info: Driver (autodetected): hpdftex.

(c:/Users/Admin/AppData/Roaming/TinyTeX/texmf-dist/tex/latex/hyperref/hpdftex.d
ef
File: hpdftex.def 2022-02-21 v7.00n Hyperref driver for pdfTeX

(c:/Users/Admin/AppData/Roaming/TinyTeX/texmf-dist/tex/latex/base/atveryend-ltx
.sty
Package: atveryend-ltx 2020/08/19 v1.0a Emulation of the original atveryend pac
kage
with kernel methods
)
\Fld@listcount=\count295
\c@bookmark@seq@number=\count296

(c:/Users/Admin/AppData/Roaming/TinyTeX/texmf-dist/tex/latex/rerunfilecheck/rer
unfilecheck.sty
Package: rerunfilecheck 2019/12/05 v1.9 Rerun checks for auxiliary files (HO)

(c:/Users/Admin/AppData/Roaming/TinyTeX/texmf-dist/tex/generic/uniquecounter/un
iquecounter.sty
Package: uniquecounter 2019/12/15 v1.4 Provide unlimited unique counter (HO)
)
Package uniquecounter Info: New unique counter `rerunfilecheck' on input line 2
86.
)
\Hy@SectionHShift=\skip59
)
(c:/Users/Admin/AppData/Roaming/TinyTeX/texmf-dist/tex/generic/pgf/frontendlaye
r/tikz/libraries/tikzlibrarysvg.path.code.tex
File: tikzlibrarysvg.path.code.tex 2021/05/15 v3.1.9a (3.1.9a)

(c:/Users/Admin/AppData/Roaming/TinyTeX/texmf-dist/tex/generic/pgf/libraries/pg
flibrarysvg.path.code.tex
File: pgflibrarysvg.path.code.tex 2021/05/15 v3.1.9a (3.1.9a)

(c:/Users/Admin/AppData/Roaming/TinyTeX/texmf-dist/tex/generic/pgf/modules/pgfm
oduleparser.code.tex
File: pgfmoduleparser.code.tex 2021/05/15 v3.1.9a (3.1.9a)
\pgfparserdef@arg@count=\count297
)
\pgf@lib@svg@last@x=\dimen261
\pgf@lib@svg@last@y=\dimen262
\pgf@lib@svg@last@c@x=\dimen263
\pgf@lib@svg@last@c@y=\dimen264
\pgf@lib@svg@count=\count298
\pgf@lib@svg@max@num=\count299
))
(c:/Users/Admin/AppData/Roaming/TinyTeX/texmf-dist/tex/latex/booktabs/booktabs.
sty
Package: booktabs 2020/01/12 v1.61803398 Publication quality tables
\heavyrulewidth=\dimen265
\lightrulewidth=\dimen266
\cmidrulewidth=\dimen267
\belowrulesep=\dimen268
\belowbottomsep=\dimen269
\aboverulesep=\dimen270
\abovetopsep=\dimen271
\cmidrulesep=\dimen272
\cmidrulekern=\dimen273
\defaultaddspace=\dimen274
\@cmidla=\count300
\@cmidlb=\count301
\@aboverulesep=\dimen275
\@belowrulesep=\dimen276
\@thisruleclass=\count302
\@lastruleclass=\count303
\@thisrulewidth=\dimen277
)
(c:/Users/Admin/AppData/Roaming/TinyTeX/texmf-dist/tex/latex/threeparttable/thr
eeparttable.sty
Package: threeparttable 2003/06/13  v 3.0
\@tempboxb=\box61
)
\b@level@one@skip=\skip60
\e@level@one@skip=\skip61
\b@level@two@skip=\skip62
\e@level@two@skip=\skip63
\b@level@three@skip=\skip64
\e@level@three@skip=\skip65
\b@level@four@skip=\skip66
\e@level@four@skip=\skip67
\b@level@five@skip=\skip68
\e@level@five@skip=\skip69

(c:/Users/Admin/AppData/Roaming/TinyTeX/texmf-dist/tex/latex/caption/caption.st
y
Package: caption 2022/03/01 v3.6b Customizing captions (AR)

(c:/Users/Admin/AppData/Roaming/TinyTeX/texmf-dist/tex/latex/caption/caption3.s
ty
Package: caption3 2022/03/17 v2.3b caption3 kernel (AR)
\caption@tempdima=\dimen278
\captionmargin=\dimen279
\caption@leftmargin=\dimen280
\caption@rightmargin=\dimen281
\caption@width=\dimen282
\caption@indent=\dimen283
\caption@parindent=\dimen284
\caption@hangindent=\dimen285
Package caption Info: Standard document class detected.
)
\c@caption@flags=\count304
\c@continuedfloat=\count305
Package caption Info: hyperref package is loaded.
Package caption Info: threeparttable package is loaded.
)
\c@APAenum=\count306
\@text@par@indent=\skip70
\gr@box=\box62
\gr@boxwidth=\skip71
\gr@boxheight=\skip72
(c:/Users/Admin/AppData/Roaming/TinyTeX/texmf-dist/tex/latex/tools/bm.sty
Package: bm 2021/04/25 v1.2e Bold Symbol Support (DPC/FMi)
Package bm Info: No bold for \OT1/ptmcm/m/n, using \pmb.
Package bm Info: No bold for \OML/ptmcm/m/it, using \pmb.
Package bm Info: No bold for \OMS/pzccm/m/n, using \pmb.
Package bm Info: No bold for \OMX/psycm/m/n, using \pmb.
Package bm Info: No bold for \OT1/ptm/bx/n, using \pmb.
Package bm Info: No bold for \OT1/ptm/m/it, using \pmb.
)
\c@appendix=\count307

(c:/Users/Admin/AppData/Roaming/TinyTeX/texmf-dist/tex/latex/fancyhdr/fancyhdr.
sty
Package: fancyhdr 2021/01/28 v4.0.1 Extensive control of page headers and foote
rs
\f@nch@headwidth=\skip73
\f@nch@O@elh=\skip74
\f@nch@O@erh=\skip75
\f@nch@O@olh=\skip76
\f@nch@O@orh=\skip77
\f@nch@O@elf=\skip78
\f@nch@O@erf=\skip79
\f@nch@O@olf=\skip80
\f@nch@O@orf=\skip81
)
(c:/Users/Admin/AppData/Roaming/TinyTeX/texmf-dist/tex/latex/tools/ftnright.sty
Package: ftnright 2014/10/28 v1.1f footnote layout package (FMi)
\rcol@footinsskip=\skip82
\ftn@amount=\dimen286
))
(c:/Users/Admin/AppData/Roaming/TinyTeX/texmf-dist/tex/latex/amsmath/amsmath.st
y
Package: amsmath 2021/10/15 v2.17l AMS math features
\@mathmargin=\skip83
For additional information on amsmath, use the `?' option.

(c:/Users/Admin/AppData/Roaming/TinyTeX/texmf-dist/tex/latex/amsmath/amstext.st
y
Package: amstext 2021/08/26 v2.01 AMS text

(c:/Users/Admin/AppData/Roaming/TinyTeX/texmf-dist/tex/latex/amsmath/amsgen.sty
File: amsgen.sty 1999/11/30 v2.0 generic functions
\@emptytoks=\toks30
\ex@=\dimen287
))
(c:/Users/Admin/AppData/Roaming/TinyTeX/texmf-dist/tex/latex/amsmath/amsbsy.sty
Package: amsbsy 1999/11/29 v1.2d Bold Symbols
LaTeX Info: Redefining \boldsymbol on input line 28.
\pmbraise@=\dimen288
)
(c:/Users/Admin/AppData/Roaming/TinyTeX/texmf-dist/tex/latex/amsmath/amsopn.sty
Package: amsopn 2021/08/26 v2.02 operator names
)
\inf@bad=\count308
LaTeX Info: Redefining \frac on input line 234.
\uproot@=\count309
\leftroot@=\count310
LaTeX Info: Redefining \overline on input line 399.
\classnum@=\count311
\DOTSCASE@=\count312
LaTeX Info: Redefining \ldots on input line 496.
LaTeX Info: Redefining \dots on input line 499.
LaTeX Info: Redefining \cdots on input line 620.
\Mathstrutbox@=\box63
\strutbox@=\box64
\big@size=\dimen289
LaTeX Font Info:    Redeclaring font encoding OML on input line 743.
LaTeX Font Info:    Redeclaring font encoding OMS on input line 744.
\macc@depth=\count313
\c@MaxMatrixCols=\count314
\dotsspace@=\muskip17
\c@parentequation=\count315
\dspbrk@lvl=\count316
\tag@help=\toks31
\row@=\count317
\column@=\count318
\maxfields@=\count319
\andhelp@=\toks32
\eqnshift@=\dimen290
\alignsep@=\dimen291
\tagshift@=\dimen292
\tagwidth@=\dimen293
\totwidth@=\dimen294
\lineht@=\dimen295
\@envbody=\toks33
\multlinegap=\skip84
\multlinetaggap=\skip85
\mathdisplay@stack=\toks34
LaTeX Info: Redefining \[ on input line 2938.
LaTeX Info: Redefining \] on input line 2939.
)
(c:/Users/Admin/AppData/Roaming/TinyTeX/texmf-dist/tex/latex/amsfonts/amssymb.s
ty
Package: amssymb 2013/01/14 v3.01 AMS font symbols

(c:/Users/Admin/AppData/Roaming/TinyTeX/texmf-dist/tex/latex/amsfonts/amsfonts.
sty
Package: amsfonts 2013/01/14 v3.01 Basic AMSFonts support
\symAMSa=\mathgroup6
\symAMSb=\mathgroup7
LaTeX Font Info:    Redeclaring math symbol \hbar on input line 98.
LaTeX Font Info:    Overwriting math alphabet `\mathfrak' in version `bold'
(Font)                  U/euf/m/n --> U/euf/b/n on input line 106.
))
(c:/Users/Admin/AppData/Roaming/TinyTeX/texmf-dist/tex/generic/iftex/ifxetex.st
y
Package: ifxetex 2019/10/25 v0.7 ifxetex legacy package. Use iftex instead.
)
(c:/Users/Admin/AppData/Roaming/TinyTeX/texmf-dist/tex/generic/iftex/ifluatex.s
ty
Package: ifluatex 2019/10/25 v1.5 ifluatex legacy package. Use iftex instead.
) (c:/Users/Admin/AppData/Roaming/TinyTeX/texmf-dist/tex/latex/base/fontenc.sty
Package: fontenc 2021/04/29 v2.0v Standard LaTeX package
LaTeX Font Info:    Trying to load font information for T1+ptm on input line 11
2.
(c:/Users/Admin/AppData/Roaming/TinyTeX/texmf-dist/tex/latex/psnfss/t1ptm.fd
File: t1ptm.fd 2001/06/04 font definitions for T1/ptm.
)) (c:/Users/Admin/AppData/Roaming/TinyTeX/texmf-dist/tex/latex/base/inputenc.s
ty
Package: inputenc 2021/02/14 v1.3d Input encoding file
\inpenc@prehook=\toks35
\inpenc@posthook=\toks36
) (c:/Users/Admin/AppData/Roaming/TinyTeX/texmf-dist/tex/latex/base/textcomp.st
y
Package: textcomp 2020/02/02 v2.0n Standard LaTeX package
) (c:/Users/Admin/AppData/Roaming/TinyTeX/texmf-dist/tex/latex/was/upgreek.sty
Package: upgreek 2003/02/12 v2.0 (WaS)
Package upgreek Info: Using Euler Roman for upright Greek on input line 31.
\symugrf@m=\mathgroup8
LaTeX Font Info:    Overwriting symbol font `ugrf@m' in version `bold'
(Font)                  U/eur/m/n --> U/eur/b/n on input line 38.
)
(c:/Users/Admin/AppData/Roaming/TinyTeX/texmf-dist/tex/latex/tools/longtable.st
y
Package: longtable 2021-09-01 v4.17 Multi-page Table package (DPC)
\LTleft=\skip86
\LTright=\skip87
\LTpre=\skip88
\LTpost=\skip89
\LTchunksize=\count320
\LTcapwidth=\dimen296
\LT@head=\box65
\LT@firsthead=\box66
\LT@foot=\box67
\LT@lastfoot=\box68
\LT@gbox=\box69
\LT@cols=\count321
\LT@rows=\count322
\c@LT@tables=\count323
\c@LT@chunks=\count324
\LT@p@ftn=\toks37
)
(c:/Users/Admin/AppData/Roaming/TinyTeX/texmf-dist/tex/latex/graphics/lscape.st
y
Package: lscape 2020/05/28 v3.02 Landscape Pages (DPC)
)
(c:/Users/Admin/AppData/Roaming/TinyTeX/texmf-dist/tex/latex/multirow/multirow.
sty
Package: multirow 2021/03/15 v2.8 Span multiple rows of a table
\multirow@colwidth=\skip90
\multirow@cntb=\count325
\multirow@dima=\skip91
\bigstrutjot=\dimen297
)
(c:/Users/Admin/AppData/Roaming/TinyTeX/texmf-dist/tex/latex/tools/tabularx.sty
Package: tabularx 2020/01/15 v2.11c `tabularx' package (DPC)
(c:/Users/Admin/AppData/Roaming/TinyTeX/texmf-dist/tex/latex/tools/array.sty
Package: array 2021/10/04 v2.5f Tabular extension package (FMi)
\col@sep=\dimen298
\ar@mcellbox=\box70
\extrarowheight=\dimen299
\NC@list=\toks38
\extratabsurround=\skip92
\backup@length=\skip93
\ar@cellbox=\box71
)
\TX@col@width=\dimen300
\TX@old@table=\dimen301
\TX@old@col=\dimen302
\TX@target=\dimen303
\TX@delta=\dimen304
\TX@cols=\count326
\TX@ftn=\toks39
)
(c:/Users/Admin/AppData/Roaming/TinyTeX/texmf-dist/tex/latex/threeparttablex/th
reeparttablex.sty
Package: threeparttablex 2013/07/23 v0.3 by daleif

(c:/Users/Admin/AppData/Roaming/TinyTeX/texmf-dist/tex/latex/environ/environ.st
y
Package: environ 2014/05/04 v0.3 A new way to define environments

(c:/Users/Admin/AppData/Roaming/TinyTeX/texmf-dist/tex/latex/trimspaces/trimspa
ces.sty
Package: trimspaces 2009/09/17 v1.1 Trim spaces around a token list
))
\TPTL@width=\skip94
)
\longtablewidth=\skip95
Failed to patch abstract.
Failed to patch title.
(c:/Users/Admin/AppData/Roaming/TinyTeX/texmf-dist/tex/latex/xpatch/xpatch.sty
(c:/Users/Admin/AppData/Roaming/TinyTeX/texmf-dist/tex/latex/l3kernel/expl3.sty
Package: expl3 2022-02-24 L3 programming layer (loader) 

(c:/Users/Admin/AppData/Roaming/TinyTeX/texmf-dist/tex/latex/l3backend/l3backen
d-pdftex.def
File: l3backend-pdftex.def 2022-02-07 L3 backend support: PDF output (pdfTeX)
\l__color_backend_stack_int=\count327
\l__pdf_internal_box=\box72
))
Package: xpatch 2020/03/25 v0.3a Extending etoolbox patching commands

(c:/Users/Admin/AppData/Roaming/TinyTeX/texmf-dist/tex/latex/l3packages/xparse/
xparse.sty
Package: xparse 2022-01-12 L3 Experimental document command parser
))
(c:/Users/Admin/AppData/Roaming/TinyTeX/texmf-dist/tex/latex/dblfloatfix/dblflo
atfix.sty
Package: dblfloatfix 2012/12/31 v1.0a (JAW)
(c:/Users/Admin/AppData/Roaming/TinyTeX/texmf-dist/tex/latex/base/fixltx2e.sty
Package: fixltx2e 2016/12/29 v2.1a fixes to LaTeX (obsolete)
Applying: [2015/01/01] Old fixltx2e package on input line 46.

Package fixltx2e Warning: fixltx2e is not required with releases after 2015
(fixltx2e)                All fixes are now in the LaTeX kernel.
(fixltx2e)                See the latexrelease package for details.

Already applied: [0000/00/00] Old fixltx2e package on input line 53.
)
\@dblbotnum=\count328
\c@dblbotnumber=\count329
)
(c:/Users/Admin/AppData/Roaming/TinyTeX/texmf-dist/tex/latex/csquotes/csquotes.
sty
Package: csquotes 2021-02-22 v5.2l context-sensitive quotations (JAW)
\csq@reset=\count330
\csq@gtype=\count331
\csq@glevel=\count332
\csq@qlevel=\count333
\csq@maxlvl=\count334
\csq@tshold=\count335
\csq@ltx@everypar=\toks40

(c:/Users/Admin/AppData/Roaming/TinyTeX/texmf-dist/tex/latex/csquotes/csquotes.
def
File: csquotes.def 2021-02-22 v5.2l csquotes generic definitions (JAW)
)
Package csquotes Info: Trying to load configuration file 'csquotes.cfg'...
Package csquotes Info: ... configuration file loaded successfully.

(c:/Users/Admin/AppData/Roaming/TinyTeX/texmf-dist/tex/latex/csquotes/csquotes.
cfg
File: csquotes.cfg 
)) (c:/Users/Admin/AppData/Roaming/TinyTeX/texmf-dist/tex/latex/subfig/subfig.s
ty
Package: subfig 2005/06/28 ver: 1.3 subfig package
\c@KVtest=\count336
\sf@farskip=\skip96
\sf@captopadj=\dimen305
\sf@capskip=\skip97
\sf@nearskip=\skip98
\c@subfigure=\count337
\c@subfigure@save=\count338
\c@lofdepth=\count339
\c@subtable=\count340
\c@subtable@save=\count341
\c@lotdepth=\count342
\sf@top=\skip99
\sf@bottom=\skip100
) (c:/Users/Admin/AppData/Roaming/TinyTeX/texmf-dist/tex/latex/float/float.sty
Package: float 2001/11/08 v1.3d Float enhancements (AL)
\c@float@type=\count343
\float@exts=\toks41
\float@box=\box73
\@float@everytoks=\toks42
\@floatcapt=\box74
) (c:/Users/Admin/AppData/Roaming/TinyTeX/texmf-dist/tex/generic/babel/babel.st
y
Package: babel 2022/02/26 3.73 The Babel package
\babel@savecnt=\count344
\U@D=\dimen306
\l@unhyphenated=\language3

(c:/Users/Admin/AppData/Roaming/TinyTeX/texmf-dist/tex/generic/babel/txtbabel.d
ef)
\bbl@readstream=\read3
\bbl@dirlevel=\count345
Package babel Info: Main language set with 'main='. Except if you have
(babel)             problems, prefer the default mechanism for setting
(babel)             the main language. Reported on input line 4219.

(c:/Users/Admin/AppData/Roaming/TinyTeX/texmf-dist/tex/generic/babel-english/en
glish.ldf
Language: english 2017/06/06 v3.3r English support from the babel system
Package babel Info: Hyphen rules for 'british' set to \l@english
(babel)             (\language0). Reported on input line 82.
Package babel Info: Hyphen rules for 'UKenglish' set to \l@english
(babel)             (\language0). Reported on input line 83.
Package babel Info: Hyphen rules for 'canadian' set to \l@english
(babel)             (\language0). Reported on input line 102.
Package babel Info: Hyphen rules for 'australian' set to \l@english
(babel)             (\language0). Reported on input line 105.
Package babel Info: Hyphen rules for 'newzealand' set to \l@english
(babel)             (\language0). Reported on input line 108.
))
\cslhangindent=\skip101
\csllabelwidth=\skip102
\c@NumberOfAuthors=\count346
\c@NumberOfSuperscripts=\count347

Class apa7 Warning: Deprecated: see documentation for \authorsaffiliations on i
nput line 183.

\c@NumberOfAffiliations=\count348
Package csquotes Info: Checking for multilingual support...
Package csquotes Info: ... found 'babel' package.
Package csquotes Info: Adjusting default style.
Package csquotes Info: Redefining alias 'default' -> 'english'.
(./Master_thesis.aux

LaTeX Warning: Label `fig:survey-plot-7-1' multiply defined.


LaTeX Warning: Label `sub@fig:survey-plot-7-1' multiply defined.


LaTeX Warning: Label `fig:survey-plot-7-2' multiply defined.


LaTeX Warning: Label `sub@fig:survey-plot-7-2' multiply defined.


LaTeX Warning: Label `fig:survey-plot-7-3' multiply defined.


LaTeX Warning: Label `sub@fig:survey-plot-7-3' multiply defined.


LaTeX Warning: Label `fig:survey-plot-7-4' multiply defined.


LaTeX Warning: Label `sub@fig:survey-plot-7-4' multiply defined.


LaTeX Warning: Label `fig:survey-plot-7-5' multiply defined.


LaTeX Warning: Label `sub@fig:survey-plot-7-5' multiply defined.


LaTeX Warning: Label `fig:survey-plot-7-6' multiply defined.


LaTeX Warning: Label `sub@fig:survey-plot-7-6' multiply defined.

)
\openout1 = `Master_thesis.aux'.

LaTeX Font Info:    Checking defaults for OML/cmm/m/it on input line 193.
LaTeX Font Info:    ... okay on input line 193.
LaTeX Font Info:    Checking defaults for OMS/cmsy/m/n on input line 193.
LaTeX Font Info:    ... okay on input line 193.
LaTeX Font Info:    Checking defaults for OT1/cmr/m/n on input line 193.
LaTeX Font Info:    ... okay on input line 193.
LaTeX Font Info:    Checking defaults for T1/cmr/m/n on input line 193.
LaTeX Font Info:    ... okay on input line 193.
LaTeX Font Info:    Checking defaults for TS1/cmr/m/n on input line 193.
LaTeX Font Info:    ... okay on input line 193.
LaTeX Font Info:    Checking defaults for OMX/cmex/m/n on input line 193.
LaTeX Font Info:    ... okay on input line 193.
LaTeX Font Info:    Checking defaults for U/cmr/m/n on input line 193.
LaTeX Font Info:    ... okay on input line 193.
LaTeX Font Info:    Checking defaults for PD1/pdf/m/n on input line 193.
LaTeX Font Info:    ... okay on input line 193.
LaTeX Font Info:    Checking defaults for PU/pdf/m/n on input line 193.
LaTeX Font Info:    ... okay on input line 193.
*geometry* driver: auto-detecting
*geometry* detected driver: pdftex
*geometry* verbose mode - [ preamble ] result:
* driver: pdftex
* paper: <default>
* layout: <same size as paper>
* layoutoffset:(h,v)=(0.0pt,0.0pt)
* modes: twoside 
* h-part:(L,W,R)=(72.26999pt, 469.75502pt, 72.26999pt)
* v-part:(T,H,B)=(72.26999pt, 650.43001pt, 72.26999pt)
* \paperwidth=614.295pt
* \paperheight=794.96999pt
* \textwidth=501.55397pt
* \textheight=643.20255pt
* \oddsidemargin=-18.06749pt
* \evensidemargin=-18.06749pt
* \topmargin=-19.8738pt
* \headheight=13.4457pt
* \headsep=13.72546pt
* \topskip=10.0pt
* \footskip=30.0pt
* \marginparwidth=121.0pt
* \marginparsep=11.0pt
* \columnsep=18.06749pt
* \skip\footins=10.0pt plus 5.0pt minus 3.0pt
* \hoffset=0.0pt
* \voffset=0.0pt
* \mag=1000
* \@twocolumnfalse
* \@twosidetrue
* \@mparswitchtrue
* \@reversemarginfalse
* (1in=72.27pt=25.4mm, 1cm=28.453pt)


(c:/Users/Admin/AppData/Roaming/TinyTeX/texmf-dist/tex/latex/epstopdf-pkg/epsto
pdf-base.sty
Package: epstopdf-base 2020-01-24 v2.11 Base part for package epstopdf
(c:/Users/Admin/AppData/Roaming/TinyTeX/texmf-dist/tex/latex/grfext/grfext.sty
Package: grfext 2019/12/03 v1.3 Manage graphics extensions (HO)
)
Package epstopdf-base Info: Redefining graphics rule for `.eps' on input line 4
85.
Package grfext Info: Graphics extension search list:
(grfext)             [.pdf,.png,.jpg,.mps,.jpeg,.jbig2,.jb2,.PDF,.PNG,.JPG,.JPE
G,.JBIG2,.JB2,.eps]
(grfext)             \AppendGraphicsExtensions on input line 504.

(c:/Users/Admin/AppData/Roaming/TinyTeX/texmf-dist/tex/latex/latexconfig/epstop
df-sys.cfg
File: epstopdf-sys.cfg 2010/07/13 v1.3 Configuration of (r)epstopdf for TeX Liv
e
))
Package hyperref Info: Link coloring OFF on input line 193.

(c:/Users/Admin/AppData/Roaming/TinyTeX/texmf-dist/tex/latex/hyperref/nameref.s
ty
Package: nameref 2021-04-02 v2.47 Cross-referencing by name of section

(c:/Users/Admin/AppData/Roaming/TinyTeX/texmf-dist/tex/latex/refcount/refcount.
sty
Package: refcount 2019/12/15 v3.6 Data extraction from label references (HO)
)
(c:/Users/Admin/AppData/Roaming/TinyTeX/texmf-dist/tex/generic/gettitlestring/g
ettitlestring.sty
Package: gettitlestring 2019/12/15 v1.6 Cleanup title references (HO)
)
\c@section@level=\count349
)
LaTeX Info: Redefining \ref on input line 193.
LaTeX Info: Redefining \pageref on input line 193.
LaTeX Info: Redefining \nameref on input line 193.
(./Master_thesis.out) (./Master_thesis.out)
\@outlinefile=\write4
\openout4 = `Master_thesis.out'.


(c:/Users/Admin/AppData/Roaming/TinyTeX/texmf-dist/tex/latex/apa7/config/APA7en
glish.txt
File: APA7english.txt 2020/12/02 v1.02 apa7 configuration for non-American Engl
ish
)
Package caption Info: Begin \AtBeginDocument code.
Package caption Info: subfig package v1.3 is loaded.
Package caption Info: float package is loaded.
Package caption Info: longtable package is loaded.

(c:/Users/Admin/AppData/Roaming/TinyTeX/texmf-dist/tex/latex/caption/ltcaption.
sty
Package: ltcaption 2021/01/08 v1.4c longtable captions (AR)
)
Package caption Info: End \AtBeginDocument code.
LaTeX Font Info:    Trying to load font information for OT1+ptmcm on input line
 194.

(c:/Users/Admin/AppData/Roaming/TinyTeX/texmf-dist/tex/latex/psnfss/ot1ptmcm.fd
File: ot1ptmcm.fd 2000/01/03 Fontinst v1.801 font definitions for OT1/ptmcm.
)
LaTeX Font Info:    Trying to load font information for OML+ptmcm on input line
 194.

(c:/Users/Admin/AppData/Roaming/TinyTeX/texmf-dist/tex/latex/psnfss/omlptmcm.fd
File: omlptmcm.fd 2000/01/03 Fontinst v1.801 font definitions for OML/ptmcm.
)
LaTeX Font Info:    Trying to load font information for OMS+pzccm on input line
 194.

(c:/Users/Admin/AppData/Roaming/TinyTeX/texmf-dist/tex/latex/psnfss/omspzccm.fd
File: omspzccm.fd 2000/01/03 Fontinst v1.801 font definitions for OMS/pzccm.
)
LaTeX Font Info:    Trying to load font information for OMX+psycm on input line
 194.

(c:/Users/Admin/AppData/Roaming/TinyTeX/texmf-dist/tex/latex/psnfss/omxpsycm.fd
File: omxpsycm.fd 2000/01/03 Fontinst v1.801 font definitions for OMX/psycm.
)
LaTeX Font Info:    Trying to load font information for OT1+ptm on input line 1
94.
(c:/Users/Admin/AppData/Roaming/TinyTeX/texmf-dist/tex/latex/psnfss/ot1ptm.fd
File: ot1ptm.fd 2001/06/04 font definitions for OT1/ptm.
)
LaTeX Font Info:    Font shape `OT1/ptm/bx/n' in size <12> not available
(Font)              Font shape `OT1/ptm/b/n' tried instead on input line 194.
LaTeX Font Info:    Font shape `OT1/ptm/bx/n' in size <9> not available
(Font)              Font shape `OT1/ptm/b/n' tried instead on input line 194.
LaTeX Font Info:    Font shape `OT1/ptm/bx/n' in size <7> not available
(Font)              Font shape `OT1/ptm/b/n' tried instead on input line 194.
LaTeX Font Info:    Trying to load font information for U+msa on input line 194
.
(c:/Users/Admin/AppData/Roaming/TinyTeX/texmf-dist/tex/latex/amsfonts/umsa.fd
File: umsa.fd 2013/01/14 v3.01 AMS symbols A
)
LaTeX Font Info:    Trying to load font information for U+msb on input line 194
.
(c:/Users/Admin/AppData/Roaming/TinyTeX/texmf-dist/tex/latex/amsfonts/umsb.fd
File: umsb.fd 2013/01/14 v3.01 AMS symbols B
)
LaTeX Font Info:    Font shape `OT1/ptm/bx/n' in size <10> not available
(Font)              Font shape `OT1/ptm/b/n' tried instead on input line 194.
LaTeX Font Info:    Font shape `OT1/ptm/bx/n' in size <7.4> not available
(Font)              Font shape `OT1/ptm/b/n' tried instead on input line 194.
LaTeX Font Info:    Font shape `OT1/ptm/bx/n' in size <6> not available
(Font)              Font shape `OT1/ptm/b/n' tried instead on input line 194.
LaTeX Font Info:    Font shape `OT1/ptm/bx/n' in size <5> not available
(Font)              Font shape `OT1/ptm/b/n' tried instead on input line 194.

Underfull \vbox (badness 10000) has occurred while \output is active []

[1{c:/Users/Admin/AppData/Roaming/TinyTeX/texmf-var/fonts/map/pdftex/updmap/pdf
tex.map}


] [2]
Underfull \vbox (badness 10000) has occurred while \output is active []

[3] [4]
LaTeX Font Info:    Trying to load font information for TS1+ptm on input line 3
89.
(c:/Users/Admin/AppData/Roaming/TinyTeX/texmf-dist/tex/latex/psnfss/ts1ptm.fd
File: ts1ptm.fd 2001/06/04 font definitions for TS1/ptm.
)
Underfull \vbox (badness 10000) has occurred while \output is active []

[5] [6] [7] [8] [9]
<plots/plt_ang_2.pdf, id=310, 794.97pt x 289.08pt>
File: plots/plt_ang_2.pdf Graphic file (type pdf)
<use plots/plt_ang_2.pdf>
Package pdftex.def Info: plots/plt_ang_2.pdf  used on input line 618.
(pdftex.def)             Requested size: 236.90378pt x 86.14682pt.
<plots/plt_anx_2.pdf, id=311, 794.97pt x 289.08pt>
File: plots/plt_anx_2.pdf Graphic file (type pdf)
<use plots/plt_anx_2.pdf>
Package pdftex.def Info: plots/plt_anx_2.pdf  used on input line 618.
(pdftex.def)             Requested size: 236.90378pt x 86.14682pt.
<plots/plt_dep_2.pdf, id=312, 794.97pt x 289.08pt>
File: plots/plt_dep_2.pdf Graphic file (type pdf)
<use plots/plt_dep_2.pdf>
Package pdftex.def Info: plots/plt_dep_2.pdf  used on input line 618.
(pdftex.def)             Requested size: 236.90378pt x 86.14682pt.
<plots/liwc_twitter_smooth.pdf, id=313, 794.97pt x 361.35pt>
File: plots/liwc_twitter_smooth.pdf Graphic file (type pdf)
<use plots/liwc_twitter_smooth.pdf>
Package pdftex.def Info: plots/liwc_twitter_smooth.pdf  used on input line 624.

(pdftex.def)             Requested size: 501.56157pt x 227.98253pt.
<plots/liwc_standard_smooth.pdf, id=314, 794.97pt x 361.35pt>
File: plots/liwc_standard_smooth.pdf Graphic file (type pdf)
<use plots/liwc_standard_smooth.pdf>
Package pdftex.def Info: plots/liwc_standard_smooth.pdf  used on input line 624
.
(pdftex.def)             Requested size: 501.56157pt x 227.98253pt.

Overfull \hbox (2.5076pt too wide) in paragraph at lines 624--625
[][] 
 []


LaTeX Warning: Float too large for page by 3.47736pt on input line 627.

<plots/cortable_twitter.pdf, id=315, 325.215pt x 216.81pt>
File: plots/cortable_twitter.pdf Graphic file (type pdf)
<use plots/cortable_twitter.pdf>
Package pdftex.def Info: plots/cortable_twitter.pdf  used on input line 631.
(pdftex.def)             Requested size: 240.74962pt x 160.49974pt.
<plots/cortable_stand.pdf, id=316, 325.215pt x 216.81pt>
File: plots/cortable_stand.pdf Graphic file (type pdf)
<use plots/cortable_stand.pdf>
Package pdftex.def Info: plots/cortable_stand.pdf  used on input line 631.
(pdftex.def)             Requested size: 240.74962pt x 160.49974pt.
[10 <./plots/plt_ang_2.pdf> <./plots/plt_anx_2.pdf> <./plots/plt_dep_2.pdf>] [1
1 <./plots/liwc_twitter_smooth.pdf> <./plots/liwc_standard_smooth.pdf>] [12 <./
plots/cortable_twitter.pdf> <./plots/cortable_stand.pdf>]
<plots/plt_anger.pdf, id=408, 650.43pt x 325.215pt>
File: plots/plt_anger.pdf Graphic file (type pdf)
<use plots/plt_anger.pdf>
Package pdftex.def Info: plots/plt_anger.pdf  used on input line 665.
(pdftex.def)             Requested size: 501.56708pt x 250.78354pt.
<plots/plt_twitter_lag.png, id=421, 722.7pt x 325.215pt>
File: plots/plt_twitter_lag.png Graphic file (type png)
<use plots/plt_twitter_lag.png>
Package pdftex.def Info: plots/plt_twitter_lag.png  used on input line 692.
(pdftex.def)             Requested size: 501.55273pt x 225.69873pt.
<plots/plt_stand_lag.png, id=422, 722.7pt x 325.215pt>
File: plots/plt_stand_lag.png Graphic file (type png)
<use plots/plt_stand_lag.png>
Package pdftex.def Info: plots/plt_stand_lag.png  used on input line 692.
(pdftex.def)             Requested size: 501.55273pt x 225.69873pt.

Overfull \hbox (2.49876pt too wide) in paragraph at lines 692--693
[][] 
 []


Overfull \hbox (2.49876pt too wide) in paragraph at lines 692--693
[][] 
 []

[13]
<plots/coef_lags_anger_GS.pdf, id=443, 375.4025pt x 252.945pt>
File: plots/coef_lags_anger_GS.pdf Graphic file (type pdf)
<use plots/coef_lags_anger_GS.pdf>
Package pdftex.def Info: plots/coef_lags_anger_GS.pdf  used on input line 702.
(pdftex.def)             Requested size: 240.7494pt x 162.21617pt.
<plots/coef_lags_anxiety_GS.pdf, id=444, 375.4025pt x 252.945pt>
File: plots/coef_lags_anxiety_GS.pdf Graphic file (type pdf)
<use plots/coef_lags_anxiety_GS.pdf>
Package pdftex.def Info: plots/coef_lags_anxiety_GS.pdf  used on input line 702
.
(pdftex.def)             Requested size: 240.7494pt x 162.21617pt.
<plots/coef_lags_depr_GS.pdf, id=445, 375.4025pt x 252.945pt>
File: plots/coef_lags_depr_GS.pdf Graphic file (type pdf)
<use plots/coef_lags_depr_GS.pdf>
Package pdftex.def Info: plots/coef_lags_depr_GS.pdf  used on input line 702.
(pdftex.def)             Requested size: 240.7494pt x 162.21617pt.
<plots/coef_lags_anger_LIWC.pdf, id=446, 375.4025pt x 252.945pt>
File: plots/coef_lags_anger_LIWC.pdf Graphic file (type pdf)
<use plots/coef_lags_anger_LIWC.pdf>
Package pdftex.def Info: plots/coef_lags_anger_LIWC.pdf  used on input line 702
.
(pdftex.def)             Requested size: 240.7494pt x 162.21617pt.
<plots/coef_lags_anxiety_LIWC.pdf, id=447, 375.4025pt x 252.945pt>
File: plots/coef_lags_anxiety_LIWC.pdf Graphic file (type pdf)
<use plots/coef_lags_anxiety_LIWC.pdf>
Package pdftex.def Info: plots/coef_lags_anxiety_LIWC.pdf  used on input line 7
02.
(pdftex.def)             Requested size: 240.7494pt x 162.21617pt.
<plots/coef_lags_depr_LIWC.pdf, id=448, 375.4025pt x 252.945pt>
File: plots/coef_lags_depr_LIWC.pdf Graphic file (type pdf)
<use plots/coef_lags_depr_LIWC.pdf>
Package pdftex.def Info: plots/coef_lags_depr_LIWC.pdf  used on input line 702.

(pdftex.def)             Requested size: 240.7494pt x 162.21617pt.

LaTeX Warning: Float too large for page by 24.88078pt on input line 705.


LaTeX Warning: `!h' float specifier changed to `!ht'.

[14 <./plots/plt_anger.pdf>] [15 <./plots/plt_twitter_lag.png> <./plots/plt_sta
nd_lag.png>] [16 <./plots/coef_lags_anger_GS.pdf> <./plots/coef_lags_anxiety_GS
.pdf> <./plots/coef_lags_depr_GS.pdf> <./plots/coef_lags_anger_LIWC.pdf> <./plo
ts/coef_lags_anxiety_LIWC.pdf> <./plots/coef_lags_depr_LIWC.pdf>]
Underfull \vbox (badness 10000) has occurred while \output is active []

<plots/plot_spear_fa_twitter.pdf, id=546, 289.08pt x 361.35pt>
File: plots/plot_spear_fa_twitter.pdf Graphic file (type pdf)
<use plots/plot_spear_fa_twitter.pdf>
Package pdftex.def Info: plots/plot_spear_fa_twitter.pdf  used on input line 76
2.
(pdftex.def)             Requested size: 240.74355pt x 300.92944pt.
<plots/plot_spear_fa_stand.pdf, id=547, 289.08pt x 361.35pt>
File: plots/plot_spear_fa_stand.pdf Graphic file (type pdf)
<use plots/plot_spear_fa_stand.pdf>
Package pdftex.def Info: plots/plot_spear_fa_stand.pdf  used on input line 762.

(pdftex.def)             Requested size: 240.74355pt x 300.92944pt.
[17]
Underfull \vbox (badness 10000) has occurred while \output is active []


Underfull \vbox (badness 10000) has occurred while \output is active []

[18 <./plots/plot_spear_fa_twitter.pdf> <./plots/plot_spear_fa_stand.pdf>] [19]

Underfull \vbox (badness 10000) has occurred while \output is active []

[20] [21]
Underfull \vbox (badness 10000) has occurred while \output is active []

[22]
Underfull \vbox (badness 10000) has occurred while \output is active []

[23] [24] [25] [26] [27]
Underfull \vbox (badness 1303) has occurred while \output is active []

[28] [29] [30

]
<plots/threshold_twitter_neg.pdf, id=942, 361.35pt x 216.81pt>
File: plots/threshold_twitter_neg.pdf Graphic file (type pdf)
<use plots/threshold_twitter_neg.pdf>
Package pdftex.def Info: plots/threshold_twitter_neg.pdf  used on input line 12
61.
(pdftex.def)             Requested size: 240.74686pt x 144.4481pt.
<plots/threshold_twitter_pos.pdf, id=943, 361.35pt x 216.81pt>
File: plots/threshold_twitter_pos.pdf Graphic file (type pdf)
<use plots/threshold_twitter_pos.pdf>
Package pdftex.def Info: plots/threshold_twitter_pos.pdf  used on input line 12
61.
(pdftex.def)             Requested size: 240.74686pt x 144.4481pt.
<plots/threshold_stand_neg.pdf, id=944, 361.35pt x 216.81pt>
File: plots/threshold_stand_neg.pdf Graphic file (type pdf)
<use plots/threshold_stand_neg.pdf>
Package pdftex.def Info: plots/threshold_stand_neg.pdf  used on input line 1261
.
(pdftex.def)             Requested size: 240.74686pt x 144.4481pt.
<plots/threshold_stand_pos.pdf, id=945, 361.35pt x 216.81pt>
File: plots/threshold_stand_pos.pdf Graphic file (type pdf)
<use plots/threshold_stand_pos.pdf>
Package pdftex.def Info: plots/threshold_stand_pos.pdf  used on input line 1261
.
(pdftex.def)             Requested size: 240.74686pt x 144.4481pt.
<plots/boxplot_ang.pdf, id=946, 794.97pt x 216.81pt>
File: plots/boxplot_ang.pdf Graphic file (type pdf)
<use plots/boxplot_ang.pdf>
Package pdftex.def Info: plots/boxplot_ang.pdf  used on input line 1268.
(pdftex.def)             Requested size: 501.56157pt x 136.7895pt.
<plots/boxplot_anx.pdf, id=947, 794.97pt x 216.81pt>
File: plots/boxplot_anx.pdf Graphic file (type pdf)
<use plots/boxplot_anx.pdf>
Package pdftex.def Info: plots/boxplot_anx.pdf  used on input line 1268.
(pdftex.def)             Requested size: 501.56157pt x 136.7895pt.
<plots/boxplot_dep.pdf, id=948, 794.97pt x 216.81pt>
File: plots/boxplot_dep.pdf Graphic file (type pdf)
<use plots/boxplot_dep.pdf>
Package pdftex.def Info: plots/boxplot_dep.pdf  used on input line 1268.
(pdftex.def)             Requested size: 501.56157pt x 136.7895pt.

Overfull \hbox (2.5076pt too wide) in paragraph at lines 1268--1269
[][] 
 []


Overfull \hbox (2.5076pt too wide) in paragraph at lines 1268--1269
[][] 
 []


Overfull \hbox (2.5076pt too wide) in paragraph at lines 1268--1269
[][][][][] 
 []

<plots/negative_affect_smooth.pdf, id=949, 794.97pt x 361.35pt>
File: plots/negative_affect_smooth.pdf Graphic file (type pdf)
<use plots/negative_affect_smooth.pdf>
Package pdftex.def Info: plots/negative_affect_smooth.pdf  used on input line 1
274.
(pdftex.def)             Requested size: 501.56157pt x 227.98253pt.
<plots/positive_affect_smooth.pdf, id=950, 794.97pt x 361.35pt>
File: plots/positive_affect_smooth.pdf Graphic file (type pdf)
<use plots/positive_affect_smooth.pdf>
Package pdftex.def Info: plots/positive_affect_smooth.pdf  used on input line 1
274.
(pdftex.def)             Requested size: 501.56157pt x 227.98253pt.

Overfull \hbox (2.5076pt too wide) in paragraph at lines 1274--1275
[][] 
 []


Overfull \hbox (3.29329pt too wide) in paragraph at lines 1283--1309
 [] 
 []


Overfull \hbox (3.29329pt too wide) in paragraph at lines 1317--1343
 [] 
 []

<plots/histboottwitter_ang_GS.png, id=952, 361.35pt x 252.945pt>
File: plots/histboottwitter_ang_GS.png Graphic file (type png)
<use plots/histboottwitter_ang_GS.png>
Package pdftex.def Info: plots/histboottwitter_ang_GS.png  used on input line 1
350.
(pdftex.def)             Requested size: 240.74686pt x 168.5228pt.
<plots/histboottwitter_anx_GS.png, id=953, 361.35pt x 252.945pt>
File: plots/histboottwitter_anx_GS.png Graphic file (type png)
<use plots/histboottwitter_anx_GS.png>
Package pdftex.def Info: plots/histboottwitter_anx_GS.png  used on input line 1
350.
(pdftex.def)             Requested size: 240.74686pt x 168.5228pt.
<plots/histboottwitter_depr_GS.png, id=954, 361.35pt x 252.945pt>
File: plots/histboottwitter_depr_GS.png Graphic file (type png)
<use plots/histboottwitter_depr_GS.png>
Package pdftex.def Info: plots/histboottwitter_depr_GS.png  used on input line 
1350.
(pdftex.def)             Requested size: 240.74686pt x 168.5228pt.
<plots/histboottwitter_ang_LIWC.png, id=955, 361.35pt x 252.945pt>
File: plots/histboottwitter_ang_LIWC.png Graphic file (type png)
<use plots/histboottwitter_ang_LIWC.png>
Package pdftex.def Info: plots/histboottwitter_ang_LIWC.png  used on input line
 1350.
(pdftex.def)             Requested size: 240.74686pt x 168.5228pt.
<plots/histboottwitter_anx_LIWC.png, id=956, 361.35pt x 252.945pt>
File: plots/histboottwitter_anx_LIWC.png Graphic file (type png)
<use plots/histboottwitter_anx_LIWC.png>
Package pdftex.def Info: plots/histboottwitter_anx_LIWC.png  used on input line
 1350.
(pdftex.def)             Requested size: 240.74686pt x 168.5228pt.
<plots/histboottwitter_depr_LIWC.png, id=957, 361.35pt x 252.945pt>
File: plots/histboottwitter_depr_LIWC.png Graphic file (type png)
<use plots/histboottwitter_depr_LIWC.png>
Package pdftex.def Info: plots/histboottwitter_depr_LIWC.png  used on input lin
e 1350.
(pdftex.def)             Requested size: 240.74686pt x 168.5228pt.

LaTeX Warning: Float too large for page by 5.73566pt on input line 1354.

<plots/histbootstand_ang_GS.png, id=958, 361.35pt x 252.945pt>
File: plots/histbootstand_ang_GS.png Graphic file (type png)
<use plots/histbootstand_ang_GS.png>
Package pdftex.def Info: plots/histbootstand_ang_GS.png  used on input line 135
9.
(pdftex.def)             Requested size: 240.74686pt x 168.5228pt.
<plots/histbootstand_anx_GS.png, id=959, 361.35pt x 252.945pt>
File: plots/histbootstand_anx_GS.png Graphic file (type png)
<use plots/histbootstand_anx_GS.png>
Package pdftex.def Info: plots/histbootstand_anx_GS.png  used on input line 135
9.
(pdftex.def)             Requested size: 240.74686pt x 168.5228pt.
<plots/histbootstand_depr_GS.png, id=960, 361.35pt x 252.945pt>
File: plots/histbootstand_depr_GS.png Graphic file (type png)
<use plots/histbootstand_depr_GS.png>
Package pdftex.def Info: plots/histbootstand_depr_GS.png  used on input line 13
59.
(pdftex.def)             Requested size: 240.74686pt x 168.5228pt.
<plots/histbootstand_ang_LIWC.png, id=961, 361.35pt x 252.945pt>
File: plots/histbootstand_ang_LIWC.png Graphic file (type png)
<use plots/histbootstand_ang_LIWC.png>
Package pdftex.def Info: plots/histbootstand_ang_LIWC.png  used on input line 1
359.
(pdftex.def)             Requested size: 240.74686pt x 168.5228pt.
<plots/histbootstand_anx_LIWC.png, id=962, 361.35pt x 252.945pt>
File: plots/histbootstand_anx_LIWC.png Graphic file (type png)
<use plots/histbootstand_anx_LIWC.png>
Package pdftex.def Info: plots/histbootstand_anx_LIWC.png  used on input line 1
359.
(pdftex.def)             Requested size: 240.74686pt x 168.5228pt.
<plots/histbootstand_depr_LIWC.png, id=963, 361.35pt x 252.945pt>
File: plots/histbootstand_depr_LIWC.png Graphic file (type png)
<use plots/histbootstand_depr_LIWC.png>
Package pdftex.def Info: plots/histbootstand_depr_LIWC.png  used on input line 
1359.
(pdftex.def)             Requested size: 240.74686pt x 168.5228pt.
<plots/plt_anxiety.pdf, id=964, 650.43pt x 325.215pt>
File: plots/plt_anxiety.pdf Graphic file (type pdf)
<use plots/plt_anxiety.pdf>
Package pdftex.def Info: plots/plt_anxiety.pdf  used on input line 1365.
(pdftex.def)             Requested size: 501.56708pt x 250.78354pt.
<plots/plt_sadness.pdf, id=965, 650.43pt x 325.215pt>
File: plots/plt_sadness.pdf Graphic file (type pdf)
<use plots/plt_sadness.pdf>
Package pdftex.def Info: plots/plt_sadness.pdf  used on input line 1372.
(pdftex.def)             Requested size: 501.56708pt x 250.78354pt.
<plots/plt_negGs.pdf, id=966, 650.43pt x 325.215pt>
File: plots/plt_negGs.pdf Graphic file (type pdf)
<use plots/plt_negGs.pdf>
Package pdftex.def Info: plots/plt_negGs.pdf  used on input line 1379.
(pdftex.def)             Requested size: 501.56708pt x 250.78354pt.
<plots/pcp_anger_GS.pdf, id=967, 361.35pt x 252.945pt>
File: plots/pcp_anger_GS.pdf Graphic file (type pdf)
<use plots/pcp_anger_GS.pdf>
Package pdftex.def Info: plots/pcp_anger_GS.pdf  used on input line 1655.
(pdftex.def)             Requested size: 240.74686pt x 168.5228pt.
<plots/pcp_anxiety_GS.pdf, id=968, 361.35pt x 252.945pt>
File: plots/pcp_anxiety_GS.pdf Graphic file (type pdf)
<use plots/pcp_anxiety_GS.pdf>
Package pdftex.def Info: plots/pcp_anxiety_GS.pdf  used on input line 1655.
(pdftex.def)             Requested size: 240.74686pt x 168.5228pt.
<plots/pcp_depr_GS.pdf, id=969, 361.35pt x 252.945pt>
File: plots/pcp_depr_GS.pdf Graphic file (type pdf)
<use plots/pcp_depr_GS.pdf>
Package pdftex.def Info: plots/pcp_depr_GS.pdf  used on input line 1655.
(pdftex.def)             Requested size: 240.74686pt x 168.5228pt.
<plots/pcp_anger_LIWC.pdf, id=970, 361.35pt x 252.945pt>
File: plots/pcp_anger_LIWC.pdf Graphic file (type pdf)
<use plots/pcp_anger_LIWC.pdf>
Package pdftex.def Info: plots/pcp_anger_LIWC.pdf  used on input line 1655.
(pdftex.def)             Requested size: 240.74686pt x 168.5228pt.
<plots/pcp_anxiety_LIWC.pdf, id=971, 361.35pt x 252.945pt>
File: plots/pcp_anxiety_LIWC.pdf Graphic file (type pdf)
<use plots/pcp_anxiety_LIWC.pdf>
Package pdftex.def Info: plots/pcp_anxiety_LIWC.pdf  used on input line 1655.
(pdftex.def)             Requested size: 240.74686pt x 168.5228pt.
<plots/pcp_depr_LIWC.pdf, id=972, 361.35pt x 252.945pt>
File: plots/pcp_depr_LIWC.pdf Graphic file (type pdf)
<use plots/pcp_depr_LIWC.pdf>
Package pdftex.def Info: plots/pcp_depr_LIWC.pdf  used on input line 1655.
(pdftex.def)             Requested size: 240.74686pt x 168.5228pt.
<plots/diagnostic_ang_GS.pdf, id=973, 375.4025pt x 252.945pt>
File: plots/diagnostic_ang_GS.pdf Graphic file (type pdf)
<use plots/diagnostic_ang_GS.pdf>
Package pdftex.def Info: plots/diagnostic_ang_GS.pdf  used on input line 1662.
(pdftex.def)             Requested size: 240.7494pt x 162.21617pt.
<plots/diagnostic_anx_GS.pdf, id=974, 375.4025pt x 252.945pt>
File: plots/diagnostic_anx_GS.pdf Graphic file (type pdf)
<use plots/diagnostic_anx_GS.pdf>
Package pdftex.def Info: plots/diagnostic_anx_GS.pdf  used on input line 1662.
(pdftex.def)             Requested size: 240.7494pt x 162.21617pt.
<plots/diagnostic_depr_GS.pdf, id=975, 375.4025pt x 252.945pt>
File: plots/diagnostic_depr_GS.pdf Graphic file (type pdf)
<use plots/diagnostic_depr_GS.pdf>
Package pdftex.def Info: plots/diagnostic_depr_GS.pdf  used on input line 1662.

(pdftex.def)             Requested size: 240.7494pt x 162.21617pt.
<plots/diagnostic_ang_LIWC.pdf, id=976, 375.4025pt x 252.945pt>
File: plots/diagnostic_ang_LIWC.pdf Graphic file (type pdf)
<use plots/diagnostic_ang_LIWC.pdf>
Package pdftex.def Info: plots/diagnostic_ang_LIWC.pdf  used on input line 1662
.
(pdftex.def)             Requested size: 240.7494pt x 162.21617pt.
<plots/diagnostic_anx_LIWC.pdf, id=977, 375.4025pt x 252.945pt>
File: plots/diagnostic_anx_LIWC.pdf Graphic file (type pdf)
<use plots/diagnostic_anx_LIWC.pdf>
Package pdftex.def Info: plots/diagnostic_anx_LIWC.pdf  used on input line 1662
.
(pdftex.def)             Requested size: 240.7494pt x 162.21617pt.
<plots/diagnostic_depr_LIWC.pdf, id=978, 375.4025pt x 252.945pt>
File: plots/diagnostic_depr_LIWC.pdf Graphic file (type pdf)
<use plots/diagnostic_depr_LIWC.pdf>
Package pdftex.def Info: plots/diagnostic_depr_LIWC.pdf  used on input line 166
2.
(pdftex.def)             Requested size: 240.7494pt x 162.21617pt.
<plots/plt_twitter_lag_50.png, id=979, 722.7pt x 325.215pt>
File: plots/plt_twitter_lag_50.png Graphic file (type png)
<use plots/plt_twitter_lag_50.png>
Package pdftex.def Info: plots/plt_twitter_lag_50.png  used on input line 1667.

(pdftex.def)             Requested size: 501.55273pt x 225.69873pt.
<plots/plt_stand_lag_50.png, id=980, 722.7pt x 325.215pt>
File: plots/plt_stand_lag_50.png Graphic file (type png)
<use plots/plt_stand_lag_50.png>
Package pdftex.def Info: plots/plt_stand_lag_50.png  used on input line 1667.
(pdftex.def)             Requested size: 501.55273pt x 225.69873pt.

Overfull \hbox (2.49876pt too wide) in paragraph at lines 1667--1668
[][] 
 []


Overfull \hbox (2.49876pt too wide) in paragraph at lines 1667--1668
[][] 
 []


LaTeX Warning: Float too large for page by 11.62973pt on input line 1670.


LaTeX Warning: `h' float specifier changed to `ht'.


LaTeX Warning: `h' float specifier changed to `ht'.


LaTeX Warning: `h' float specifier changed to `ht'.


LaTeX Warning: `h' float specifier changed to `ht'.


LaTeX Warning: `h' float specifier changed to `ht'.

<plots/plot_mixed_cor.pdf, id=982, 722.7pt x 722.7pt>
File: plots/plot_mixed_cor.pdf Graphic file (type pdf)
<use plots/plot_mixed_cor.pdf>
Package pdftex.def Info: plots/plot_mixed_cor.pdf  used on input line 1847.
(pdftex.def)             Requested size: 501.55273pt x 501.55273pt.

LaTeX Warning: `!h' float specifier changed to `!ht'.

<plots/scree_plot.pdf, id=983, 722.7pt x 289.08pt>
File: plots/scree_plot.pdf Graphic file (type pdf)
<use plots/scree_plot.pdf>
Package pdftex.def Info: plots/scree_plot.pdf  used on input line 1854.
(pdftex.def)             Requested size: 501.55273pt x 200.6211pt.

LaTeX Warning: `!h' float specifier changed to `!ht'.

[31 <./plots/threshold_twitter_neg.pdf> <./plots/threshold_twitter_pos.pdf> <./
plots/threshold_stand_neg.pdf> <./plots/threshold_stand_pos.pdf>] [32 <./plots/
boxplot_ang.pdf> <./plots/boxplot_anx.pdf> <./plots/boxplot_dep.pdf>] [33 <./pl
ots/negative_affect_smooth.pdf> <./plots/positive_affect_smooth.pdf>] [34] [35 
<./plots/histboottwitter_ang_GS.png> <./plots/histboottwitter_anx_GS.png> <./pl
ots/histboottwitter_depr_GS.png> <./plots/histboottwitter_ang_LIWC.png> <./plot
s/histboottwitter_anx_LIWC.png> <./plots/histboottwitter_depr_LIWC.png>] [36 <.
/plots/histbootstand_ang_GS.png> <./plots/histbootstand_anx_GS.png> <./plots/hi
stbootstand_depr_GS.png> <./plots/histbootstand_ang_LIWC.png> <./plots/histboot
stand_anx_LIWC.png> <./plots/histbootstand_depr_LIWC.png>] [37 <./plots/plt_anx
iety.pdf>] [38 <./plots/plt_sadness.pdf>] [39 <./plots/plt_negGs.pdf>] [40] [41
] [42] [43 <./plots/pcp_anger_GS.pdf> <./plots/pcp_anxiety_GS.pdf> <./plots/pcp
_depr_GS.pdf> <./plots/pcp_anger_LIWC.pdf> <./plots/pcp_anxiety_LIWC.pdf> <./pl
ots/pcp_depr_LIWC.pdf>] [44 <./plots/diagnostic_ang_GS.pdf> <./plots/diagnostic
_anx_GS.pdf> <./plots/diagnostic_depr_GS.pdf> <./plots/diagnostic_ang_LIWC.pdf>
 <./plots/diagnostic_anx_LIWC.pdf> <./plots/diagnostic_depr_LIWC.pdf>] [45 <./p
lots/plt_twitter_lag_50.png> <./plots/plt_stand_lag_50.png>] [46] [47 <./plots/
plot_mixed_cor.pdf>] [48 <./plots/scree_plot.pdf>] (./Master_thesis.aux)

LaTeX Warning: There were multiply-defined labels.

Package rerunfilecheck Info: File `Master_thesis.out' has not changed.
(rerunfilecheck)             Checksum: E620B8D46316F38B49D90BA11AB1DFEE;7931.
 ) 
Here is how much of TeX's memory you used:
 27325 strings out of 480236
 523431 string characters out of 5894214
 885099 words of memory out of 5000000
 44281 multiletter control sequences out of 15000+600000
 534988 words of font info for 136 fonts, out of 8000000 for 9000
 14 hyphenation exceptions out of 8191
 99i,12n,103p,2617b,585s stack positions out of 5000i,500n,10000p,200000b,80000s
{c:/Users/Admin/AppData/Roaming/TinyTeX/texmf-dist/fonts/enc/dvips/base/8r.en
c}<c:/Users/Admin/AppData/Roaming/TinyTeX/texmf-dist/fonts/type1/public/amsfont
s/cm/cmex10.pfb><c:/Users/Admin/AppData/Roaming/TinyTeX/texmf-dist/fonts/type1/
public/amsfonts/cm/cmmi10.pfb><c:/Users/Admin/AppData/Roaming/TinyTeX/texmf-dis
t/fonts/type1/public/amsfonts/cm/cmr10.pfb><c:/Users/Admin/AppData/Roaming/Tiny
TeX/texmf-dist/fonts/type1/public/amsfonts/cm/cmsy10.pfb><c:/Users/Admin/AppDat
a/Roaming/TinyTeX/texmf-dist/fonts/type1/urw/symbol/usyr.pfb><c:/Users/Admin/Ap
pData/Roaming/TinyTeX/texmf-dist/fonts/type1/urw/times/utmb8a.pfb><c:/Users/Adm
in/AppData/Roaming/TinyTeX/texmf-dist/fonts/type1/urw/times/utmbi8a.pfb><c:/Use
rs/Admin/AppData/Roaming/TinyTeX/texmf-dist/fonts/type1/urw/times/utmr8a.pfb><c
:/Users/Admin/AppData/Roaming/TinyTeX/texmf-dist/fonts/type1/urw/times/utmri8a.
pfb>
Output written on Master_thesis.pdf (48 pages, 1252843 bytes).
PDF statistics:
 1427 PDF objects out of 1440 (max. 8388607)
 1225 compressed objects within 13 object streams
 388 named destinations out of 1000 (max. 500000)
 655 words of extra memory for PDF output out of 10000 (max. 10000000)

